[INFO ] 15:31:07.924 o.h.validator.internal.util.Version - HV000001: Hibernate Validator 8.0.2.Final
[INFO ] 15:31:08.072 j.j.JCoSapRfcLinkApplication - Starting JCoSapRfcLinkApplication using Java 17 with PID 44104 (D:\temp\JCoSapRfcLink\build\classes\java\main started by 2023A024 in D:\temp\JCoSapRfcLink)
[INFO ] 15:31:08.075 j.j.JCoSapRfcLinkApplication - The following 1 profile is active: "test-local"
[INFO ] 15:31:10.120 o.s.d.r.c.RepositoryConfigurationDelegate - Bootstrapping Spring Data JPA repositories in DEFAULT mode.
[INFO ] 15:31:10.309 o.s.d.r.c.RepositoryConfigurationDelegate - Finished Spring Data repository scanning in 167 ms. Found 1 JPA repository interface.
[INFO ] 15:31:11.433 o.s.b.w.e.tomcat.TomcatWebServer - Tomcat initialized with port 8080 (http)
[INFO ] 15:31:11.455 o.a.coyote.http11.Http11NioProtocol - Initializing ProtocolHandler ["http-nio-8080"]
[INFO ] 15:31:11.460 o.a.catalina.core.StandardService - Starting service [Tomcat]
[INFO ] 15:31:11.462 o.a.catalina.core.StandardEngine - Starting Servlet engine: [Apache Tomcat/10.1.40]
[INFO ] 15:31:11.667 o.a.c.c.C.[Tomcat].[localhost].[/] - Initializing Spring embedded WebApplicationContext
[INFO ] 15:31:11.668 o.s.b.w.s.c.ServletWebServerApplicationContext - Root WebApplicationContext: initialization completed in 3497 ms
[INFO ] 15:31:12.030 o.h.jpa.internal.util.LogHelper - HHH000204: Processing PersistenceUnitInfo [name: default]
[INFO ] 15:31:12.170 org.hibernate.Version - HHH000412: Hibernate ORM core version 6.6.13.Final
[INFO ] 15:31:12.242 o.h.c.i.RegionFactoryInitiator - HHH000026: Second-level cache disabled
[INFO ] 15:31:12.764 o.s.o.j.p.SpringPersistenceUnitInfo - No LoadTimeWeaver setup: ignoring JPA class transformer
[INFO ] 15:31:12.817 com.zaxxer.hikari.HikariDataSource - HikariPool-1 - Starting...
[INFO ] 15:31:14.580 com.zaxxer.hikari.pool.HikariPool - HikariPool-1 - Added connection org.mariadb.jdbc.Connection@34695b23
[INFO ] 15:31:14.581 com.zaxxer.hikari.HikariDataSource - HikariPool-1 - Start completed.
[INFO ] 15:31:14.634 o.hibernate.orm.connections.pooling - HHH10001005: Database info:
	Database JDBC URL [Connecting through datasource 'HikariDataSource (HikariPool-1)']
	Database driver: undefined/unknown
	Database version: 11.4.2
	Autocommit mode: undefined/unknown
	Isolation level: undefined/unknown
	Minimum pool size: undefined/unknown
	Maximum pool size: undefined/unknown
[INFO ] 15:31:15.846 o.h.e.t.j.p.i.JtaPlatformInitiator - HHH000489: No JTA platform available (set 'hibernate.transaction.jta.platform' to enable JTA platform integration)
[INFO ] 15:31:15.851 o.s.o.j.LocalContainerEntityManagerFactoryBean - Initialized JPA EntityManagerFactory for persistence unit 'default'
[INFO ] 15:31:16.407 j.j.config.saprfc.SapRFCConnection - RFC Server Start
[INFO ] 15:31:16.407 j.j.config.saprfc.SAPServerManager - SAP RFC º≠πˆ Ω√¿€ Ω√µµ...
[INFO ] 15:31:16.968 j.j.config.saprfc.SAPServerManager - SAP RFC º≠πˆ∞° ¡§ªÛ¿˚¿∏∑Œ Ω√¿€µ«æ˙Ω¿¥œ¥Ÿ.
[WARN ] 15:31:17.068 o.s.b.a.o.j.JpaBaseConfiguration$JpaWebConfiguration - spring.jpa.open-in-view is enabled by default. Therefore, database queries may be performed during view rendering. Explicitly configure spring.jpa.open-in-view to disable this warning
[INFO ] 15:31:17.876 o.a.coyote.http11.Http11NioProtocol - Starting ProtocolHandler ["http-nio-8080"]
[INFO ] 15:31:17.923 o.s.b.w.e.tomcat.TomcatWebServer - Tomcat started on port 8080 (http) with context path '/'
[INFO ] 15:31:17.944 j.j.JCoSapRfcLinkApplication - Started JCoSapRfcLinkApplication in 11.001 seconds (process running for 20.39)
[INFO ] 15:38:45.357 o.h.validator.internal.util.Version - HV000001: Hibernate Validator 8.0.2.Final
[INFO ] 15:38:45.454 j.j.JCoSapRfcLinkApplication - Starting JCoSapRfcLinkApplication using Java 17 with PID 35480 (D:\temp\JCoSapRfcLink\build\classes\java\main started by 2023A024 in D:\temp\JCoSapRfcLink)
[INFO ] 15:38:45.455 j.j.JCoSapRfcLinkApplication - The following 1 profile is active: "test-local"
[INFO ] 15:38:47.066 o.s.d.r.c.RepositoryConfigurationDelegate - Bootstrapping Spring Data JPA repositories in DEFAULT mode.
[INFO ] 15:38:47.430 o.s.d.r.c.RepositoryConfigurationDelegate - Finished Spring Data repository scanning in 349 ms. Found 1 JPA repository interface.
[INFO ] 15:38:48.416 o.s.b.w.e.tomcat.TomcatWebServer - Tomcat initialized with port 8080 (http)
[INFO ] 15:38:48.434 o.a.coyote.http11.Http11NioProtocol - Initializing ProtocolHandler ["http-nio-8080"]
[INFO ] 15:38:48.437 o.a.catalina.core.StandardService - Starting service [Tomcat]
[INFO ] 15:38:48.437 o.a.catalina.core.StandardEngine - Starting Servlet engine: [Apache Tomcat/10.1.40]
[INFO ] 15:38:48.606 o.a.c.c.C.[Tomcat].[localhost].[/] - Initializing Spring embedded WebApplicationContext
[INFO ] 15:38:48.606 o.s.b.w.s.c.ServletWebServerApplicationContext - Root WebApplicationContext: initialization completed in 3078 ms
[INFO ] 15:38:48.947 o.h.jpa.internal.util.LogHelper - HHH000204: Processing PersistenceUnitInfo [name: default]
[INFO ] 15:38:49.054 org.hibernate.Version - HHH000412: Hibernate ORM core version 6.6.13.Final
[INFO ] 15:38:49.110 o.h.c.i.RegionFactoryInitiator - HHH000026: Second-level cache disabled
[INFO ] 15:38:49.561 o.s.o.j.p.SpringPersistenceUnitInfo - No LoadTimeWeaver setup: ignoring JPA class transformer
[INFO ] 15:38:49.603 com.zaxxer.hikari.HikariDataSource - HikariPool-1 - Starting...
[INFO ] 15:38:50.460 com.zaxxer.hikari.pool.HikariPool - HikariPool-1 - Added connection org.mariadb.jdbc.Connection@31b650e9
[INFO ] 15:38:50.463 com.zaxxer.hikari.HikariDataSource - HikariPool-1 - Start completed.
[INFO ] 15:38:50.550 o.hibernate.orm.connections.pooling - HHH10001005: Database info:
	Database JDBC URL [Connecting through datasource 'HikariDataSource (HikariPool-1)']
	Database driver: undefined/unknown
	Database version: 11.4.2
	Autocommit mode: undefined/unknown
	Isolation level: undefined/unknown
	Minimum pool size: undefined/unknown
	Maximum pool size: undefined/unknown
[INFO ] 15:38:51.847 o.h.e.t.j.p.i.JtaPlatformInitiator - HHH000489: No JTA platform available (set 'hibernate.transaction.jta.platform' to enable JTA platform integration)
[INFO ] 15:38:51.851 o.s.o.j.LocalContainerEntityManagerFactoryBean - Initialized JPA EntityManagerFactory for persistence unit 'default'
[ERROR] 15:38:53.604 j.j.config.saprfc.impl.JCoSAPServer - ‚ùå SAP ÏÑúÎ≤Ñ Ï¥àÍ∏∞Ìôî Ïã§Ìå®: server name is null when looking up the server data. Please specify a valid server name.
[WARN ] 15:38:53.606 o.s.b.w.s.c.AnnotationConfigServletWebServerApplicationContext - Exception encountered during context initialization - cancelling refresh attempt: org.springframework.beans.factory.BeanCreationException: Error creating bean with name 'SAPServerManager': Invocation of init method failed
[INFO ] 15:38:53.606 o.s.o.j.LocalContainerEntityManagerFactoryBean - Closing JPA EntityManagerFactory for persistence unit 'default'
[INFO ] 15:38:53.612 com.zaxxer.hikari.HikariDataSource - HikariPool-1 - Shutdown initiated...
[INFO ] 15:38:53.629 com.zaxxer.hikari.HikariDataSource - HikariPool-1 - Shutdown completed.
[INFO ] 15:38:53.632 o.a.catalina.core.StandardService - Stopping service [Tomcat]
[INFO ] 15:38:53.657 o.s.b.a.l.ConditionEvaluationReportLogger - 

Error starting ApplicationContext. To display the condition evaluation report re-run your application with 'debug' enabled.
[ERROR] 15:38:53.694 o.s.boot.SpringApplication - Application run failed
org.springframework.beans.factory.BeanCreationException: Error creating bean with name 'SAPServerManager': Invocation of init method failed
	at org.springframework.beans.factory.annotation.InitDestroyAnnotationBeanPostProcessor.postProcessBeforeInitialization(InitDestroyAnnotationBeanPostProcessor.java:222)
	at org.springframework.beans.factory.support.AbstractAutowireCapableBeanFactory.applyBeanPostProcessorsBeforeInitialization(AbstractAutowireCapableBeanFactory.java:429)
	at org.springframework.beans.factory.support.AbstractAutowireCapableBeanFactory.initializeBean(AbstractAutowireCapableBeanFactory.java:1810)
	at org.springframework.beans.factory.support.AbstractAutowireCapableBeanFactory.doCreateBean(AbstractAutowireCapableBeanFactory.java:607)
	at org.springframework.beans.factory.support.AbstractAutowireCapableBeanFactory.createBean(AbstractAutowireCapableBeanFactory.java:529)
	at org.springframework.beans.factory.support.AbstractBeanFactory.lambda$doGetBean$0(AbstractBeanFactory.java:339)
	at org.springframework.beans.factory.support.DefaultSingletonBeanRegistry.getSingleton(DefaultSingletonBeanRegistry.java:371)
	at org.springframework.beans.factory.support.AbstractBeanFactory.doGetBean(AbstractBeanFactory.java:337)
	at org.springframework.beans.factory.support.AbstractBeanFactory.getBean(AbstractBeanFactory.java:202)
	at org.springframework.beans.factory.support.DefaultListableBeanFactory.instantiateSingleton(DefaultListableBeanFactory.java:1221)
	at org.springframework.beans.factory.support.DefaultListableBeanFactory.preInstantiateSingleton(DefaultListableBeanFactory.java:1187)
	at org.springframework.beans.factory.support.DefaultListableBeanFactory.preInstantiateSingletons(DefaultListableBeanFactory.java:1122)
	at org.springframework.context.support.AbstractApplicationContext.finishBeanFactoryInitialization(AbstractApplicationContext.java:987)
	at org.springframework.context.support.AbstractApplicationContext.refresh(AbstractApplicationContext.java:627)
	at org.springframework.boot.web.servlet.context.ServletWebServerApplicationContext.refresh(ServletWebServerApplicationContext.java:146)
	at org.springframework.boot.SpringApplication.refresh(SpringApplication.java:753)
	at org.springframework.boot.SpringApplication.refreshContext(SpringApplication.java:439)
	at org.springframework.boot.SpringApplication.run(SpringApplication.java:318)
	at org.springframework.boot.SpringApplication.run(SpringApplication.java:1362)
	at org.springframework.boot.SpringApplication.run(SpringApplication.java:1351)
	at jco.jcosaprfclink.JCoSapRfcLinkApplication.main(JCoSapRfcLinkApplication.java:12)
Caused by: java.lang.RuntimeException: SAP ÏÑúÎ≤Ñ Ï¥àÍ∏∞Ìôî Ïã§Ìå®
	at jco.jcosaprfclink.config.saprfc.impl.JCoSAPServer.initialize(JCoSAPServer.java:140)
	at jco.jcosaprfclink.config.saprfc.SAPServerManager.init(SAPServerManager.java:31)
	at java.base/jdk.internal.reflect.NativeMethodAccessorImpl.invoke0(Native Method)
	at java.base/jdk.internal.reflect.NativeMethodAccessorImpl.invoke(NativeMethodAccessorImpl.java:77)
	at java.base/jdk.internal.reflect.DelegatingMethodAccessorImpl.invoke(DelegatingMethodAccessorImpl.java:43)
	at java.base/java.lang.reflect.Method.invoke(Method.java:568)
	at org.springframework.beans.factory.annotation.InitDestroyAnnotationBeanPostProcessor$LifecycleMethod.invoke(InitDestroyAnnotationBeanPostProcessor.java:457)
	at org.springframework.beans.factory.annotation.InitDestroyAnnotationBeanPostProcessor$LifecycleMetadata.invokeInitMethods(InitDestroyAnnotationBeanPostProcessor.java:401)
	at org.springframework.beans.factory.annotation.InitDestroyAnnotationBeanPostProcessor.postProcessBeforeInitialization(InitDestroyAnnotationBeanPostProcessor.java:219)
	... 20 common frames omitted
Caused by: com.sap.conn.jco.JCoException: server name is null when looking up the server data. Please specify a valid server name.
	at com.sap.conn.jco.rt.StandaloneServerFactory.getServerInstance(StandaloneServerFactory.java:163)
	at com.sap.conn.jco.server.JCoServerFactory.getServer(JCoServerFactory.java:84)
	at jco.jcosaprfclink.config.saprfc.impl.JCoSAPServer.initialize(JCoSAPServer.java:92)
	... 28 common frames omitted
[INFO ] 15:54:45.780 o.h.validator.internal.util.Version - HV000001: Hibernate Validator 8.0.2.Final
[INFO ] 15:54:45.827 j.j.JCoSapRfcLinkApplication - Starting JCoSapRfcLinkApplication using Java 17 with PID 44452 (D:\temp\JCoSapRfcLink\build\classes\java\main started by 2023A024 in D:\temp\JCoSapRfcLink)
[INFO ] 15:54:45.828 j.j.JCoSapRfcLinkApplication - The following 1 profile is active: "test-local"
[INFO ] 15:54:46.779 o.s.d.r.c.RepositoryConfigurationDelegate - Bootstrapping Spring Data JPA repositories in DEFAULT mode.
[INFO ] 15:54:46.989 o.s.d.r.c.RepositoryConfigurationDelegate - Finished Spring Data repository scanning in 202 ms. Found 1 JPA repository interface.
[INFO ] 15:54:47.530 o.s.b.w.e.tomcat.TomcatWebServer - Tomcat initialized with port 8080 (http)
[INFO ] 15:54:47.540 o.a.coyote.http11.Http11NioProtocol - Initializing ProtocolHandler ["http-nio-8080"]
[INFO ] 15:54:47.541 o.a.catalina.core.StandardService - Starting service [Tomcat]
[INFO ] 15:54:47.541 o.a.catalina.core.StandardEngine - Starting Servlet engine: [Apache Tomcat/10.1.40]
[INFO ] 15:54:47.707 o.a.c.c.C.[Tomcat].[localhost].[/] - Initializing Spring embedded WebApplicationContext
[INFO ] 15:54:47.708 o.s.b.w.s.c.ServletWebServerApplicationContext - Root WebApplicationContext: initialization completed in 1840 ms
[INFO ] 15:54:47.848 o.h.jpa.internal.util.LogHelper - HHH000204: Processing PersistenceUnitInfo [name: default]
[INFO ] 15:54:47.925 org.hibernate.Version - HHH000412: Hibernate ORM core version 6.6.13.Final
[INFO ] 15:54:47.969 o.h.c.i.RegionFactoryInitiator - HHH000026: Second-level cache disabled
[INFO ] 15:54:48.243 o.s.o.j.p.SpringPersistenceUnitInfo - No LoadTimeWeaver setup: ignoring JPA class transformer
[INFO ] 15:54:48.269 com.zaxxer.hikari.HikariDataSource - HikariPool-1 - Starting...
[INFO ] 15:54:48.485 com.zaxxer.hikari.pool.HikariPool - HikariPool-1 - Added connection org.mariadb.jdbc.Connection@7ef4aceb
[INFO ] 15:54:48.487 com.zaxxer.hikari.HikariDataSource - HikariPool-1 - Start completed.
[INFO ] 15:54:48.545 o.hibernate.orm.connections.pooling - HHH10001005: Database info:
	Database JDBC URL [Connecting through datasource 'HikariDataSource (HikariPool-1)']
	Database driver: undefined/unknown
	Database version: 11.4.2
	Autocommit mode: undefined/unknown
	Isolation level: undefined/unknown
	Minimum pool size: undefined/unknown
	Maximum pool size: undefined/unknown
[INFO ] 15:54:49.282 o.h.e.t.j.p.i.JtaPlatformInitiator - HHH000489: No JTA platform available (set 'hibernate.transaction.jta.platform' to enable JTA platform integration)
[INFO ] 15:54:49.285 o.s.o.j.LocalContainerEntityManagerFactoryBean - Initialized JPA EntityManagerFactory for persistence unit 'default'
[ERROR] 15:54:49.835 j.j.config.saprfc.impl.JCoSAPServer - ‚ùå SAP ÏÑúÎ≤Ñ Ï¥àÍ∏∞Ìôî Ïã§Ìå®: server name is null when looking up the server data. Please specify a valid server name.
[WARN ] 15:54:49.842 o.s.b.w.s.c.AnnotationConfigServletWebServerApplicationContext - Exception encountered during context initialization - cancelling refresh attempt: org.springframework.beans.factory.BeanCreationException: Error creating bean with name 'SAPServerManager': Invocation of init method failed
[INFO ] 15:54:49.842 o.s.o.j.LocalContainerEntityManagerFactoryBean - Closing JPA EntityManagerFactory for persistence unit 'default'
[INFO ] 15:54:49.845 com.zaxxer.hikari.HikariDataSource - HikariPool-1 - Shutdown initiated...
[INFO ] 15:54:49.850 com.zaxxer.hikari.HikariDataSource - HikariPool-1 - Shutdown completed.
[INFO ] 15:54:49.853 o.a.catalina.core.StandardService - Stopping service [Tomcat]
[INFO ] 15:54:49.864 o.s.b.a.l.ConditionEvaluationReportLogger - 

Error starting ApplicationContext. To display the condition evaluation report re-run your application with 'debug' enabled.
[ERROR] 15:54:49.881 o.s.boot.SpringApplication - Application run failed
org.springframework.beans.factory.BeanCreationException: Error creating bean with name 'SAPServerManager': Invocation of init method failed
	at org.springframework.beans.factory.annotation.InitDestroyAnnotationBeanPostProcessor.postProcessBeforeInitialization(InitDestroyAnnotationBeanPostProcessor.java:222)
	at org.springframework.beans.factory.support.AbstractAutowireCapableBeanFactory.applyBeanPostProcessorsBeforeInitialization(AbstractAutowireCapableBeanFactory.java:429)
	at org.springframework.beans.factory.support.AbstractAutowireCapableBeanFactory.initializeBean(AbstractAutowireCapableBeanFactory.java:1810)
	at org.springframework.beans.factory.support.AbstractAutowireCapableBeanFactory.doCreateBean(AbstractAutowireCapableBeanFactory.java:607)
	at org.springframework.beans.factory.support.AbstractAutowireCapableBeanFactory.createBean(AbstractAutowireCapableBeanFactory.java:529)
	at org.springframework.beans.factory.support.AbstractBeanFactory.lambda$doGetBean$0(AbstractBeanFactory.java:339)
	at org.springframework.beans.factory.support.DefaultSingletonBeanRegistry.getSingleton(DefaultSingletonBeanRegistry.java:371)
	at org.springframework.beans.factory.support.AbstractBeanFactory.doGetBean(AbstractBeanFactory.java:337)
	at org.springframework.beans.factory.support.AbstractBeanFactory.getBean(AbstractBeanFactory.java:202)
	at org.springframework.beans.factory.support.DefaultListableBeanFactory.instantiateSingleton(DefaultListableBeanFactory.java:1221)
	at org.springframework.beans.factory.support.DefaultListableBeanFactory.preInstantiateSingleton(DefaultListableBeanFactory.java:1187)
	at org.springframework.beans.factory.support.DefaultListableBeanFactory.preInstantiateSingletons(DefaultListableBeanFactory.java:1122)
	at org.springframework.context.support.AbstractApplicationContext.finishBeanFactoryInitialization(AbstractApplicationContext.java:987)
	at org.springframework.context.support.AbstractApplicationContext.refresh(AbstractApplicationContext.java:627)
	at org.springframework.boot.web.servlet.context.ServletWebServerApplicationContext.refresh(ServletWebServerApplicationContext.java:146)
	at org.springframework.boot.SpringApplication.refresh(SpringApplication.java:753)
	at org.springframework.boot.SpringApplication.refreshContext(SpringApplication.java:439)
	at org.springframework.boot.SpringApplication.run(SpringApplication.java:318)
	at org.springframework.boot.SpringApplication.run(SpringApplication.java:1362)
	at org.springframework.boot.SpringApplication.run(SpringApplication.java:1351)
	at jco.jcosaprfclink.JCoSapRfcLinkApplication.main(JCoSapRfcLinkApplication.java:12)
Caused by: java.lang.RuntimeException: SAP ÏÑúÎ≤Ñ Ï¥àÍ∏∞Ìôî Ïã§Ìå®
	at jco.jcosaprfclink.config.saprfc.impl.JCoSAPServer.initialize(JCoSAPServer.java:140)
	at jco.jcosaprfclink.config.saprfc.SAPServerManager.init(SAPServerManager.java:31)
	at java.base/jdk.internal.reflect.NativeMethodAccessorImpl.invoke0(Native Method)
	at java.base/jdk.internal.reflect.NativeMethodAccessorImpl.invoke(NativeMethodAccessorImpl.java:77)
	at java.base/jdk.internal.reflect.DelegatingMethodAccessorImpl.invoke(DelegatingMethodAccessorImpl.java:43)
	at java.base/java.lang.reflect.Method.invoke(Method.java:568)
	at org.springframework.beans.factory.annotation.InitDestroyAnnotationBeanPostProcessor$LifecycleMethod.invoke(InitDestroyAnnotationBeanPostProcessor.java:457)
	at org.springframework.beans.factory.annotation.InitDestroyAnnotationBeanPostProcessor$LifecycleMetadata.invokeInitMethods(InitDestroyAnnotationBeanPostProcessor.java:401)
	at org.springframework.beans.factory.annotation.InitDestroyAnnotationBeanPostProcessor.postProcessBeforeInitialization(InitDestroyAnnotationBeanPostProcessor.java:219)
	... 20 common frames omitted
Caused by: com.sap.conn.jco.JCoException: server name is null when looking up the server data. Please specify a valid server name.
	at com.sap.conn.jco.rt.StandaloneServerFactory.getServerInstance(StandaloneServerFactory.java:163)
	at com.sap.conn.jco.server.JCoServerFactory.getServer(JCoServerFactory.java:84)
	at jco.jcosaprfclink.config.saprfc.impl.JCoSAPServer.initialize(JCoSAPServer.java:92)
	... 28 common frames omitted
