[ERROR] 09:50:11.749 o.s.b.d.LoggingFailureAnalysisReporter - 

***************************
APPLICATION FAILED TO START
***************************

Description:

Failed to bind properties under 'sap.connect' to jco.jcosaprfclink.config.saprfc.SAPConnectionProperties:

    Property: sap.connect.client
    Value: "300"
    Origin: class path resource [config/application-test-local.yml] - 5:13
    Reason: java.lang.IllegalStateException: No setter found for property: client

Action:

Update your application's configuration

[ERROR] 09:58:16.500 o.s.b.d.LoggingFailureAnalysisReporter - 

***************************
APPLICATION FAILED TO START
***************************

Description:

The dependencies of some of the beans in the application context form a cycle:

‚îå‚îÄ‚îÄ‚îÄ‚îÄ‚îÄ‚îê
|  JCoConnectionManager defined in file [D:\temp\JCoSapRfcLink\build\classes\java\main\jco\jcosaprfclink\config\saprfc\JCoConnectionManager.class]
‚Üë     ‚Üì
|  SAPServerManager defined in file [D:\temp\JCoSapRfcLink\build\classes\java\main\jco\jcosaprfclink\config\saprfc\SAPServerManager.class]
‚Üë     ‚Üì
|  taxInvoiceStateController (field private jco.jcosaprfclink.config.saprfc.JCoConnectionManager jco.jcosaprfclink.controller.TaxInvoiceStateController.jCoConnManager)
‚îî‚îÄ‚îÄ‚îÄ‚îÄ‚îÄ‚îò


Action:

Relying upon circular references is discouraged and they are prohibited by default. Update your application to remove the dependency cycle between beans. As a last resort, it may be possible to break the cycle automatically by setting spring.main.allow-circular-references to true.

[ERROR] 10:15:42.342 o.s.boot.SpringApplication - Application run failed
org.springframework.beans.factory.BeanCreationException: Error creating bean with name 'JCoConnectionManager': Invocation of init method failed
	at org.springframework.beans.factory.annotation.InitDestroyAnnotationBeanPostProcessor.postProcessBeforeInitialization(InitDestroyAnnotationBeanPostProcessor.java:222)
	at org.springframework.beans.factory.support.AbstractAutowireCapableBeanFactory.applyBeanPostProcessorsBeforeInitialization(AbstractAutowireCapableBeanFactory.java:429)
	at org.springframework.beans.factory.support.AbstractAutowireCapableBeanFactory.initializeBean(AbstractAutowireCapableBeanFactory.java:1810)
	at org.springframework.beans.factory.support.AbstractAutowireCapableBeanFactory.doCreateBean(AbstractAutowireCapableBeanFactory.java:607)
	at org.springframework.beans.factory.support.AbstractAutowireCapableBeanFactory.createBean(AbstractAutowireCapableBeanFactory.java:529)
	at org.springframework.beans.factory.support.AbstractBeanFactory.lambda$doGetBean$0(AbstractBeanFactory.java:339)
	at org.springframework.beans.factory.support.DefaultSingletonBeanRegistry.getSingleton(DefaultSingletonBeanRegistry.java:371)
	at org.springframework.beans.factory.support.AbstractBeanFactory.doGetBean(AbstractBeanFactory.java:337)
	at org.springframework.beans.factory.support.AbstractBeanFactory.getBean(AbstractBeanFactory.java:202)
	at org.springframework.beans.factory.support.DefaultListableBeanFactory.instantiateSingleton(DefaultListableBeanFactory.java:1221)
	at org.springframework.beans.factory.support.DefaultListableBeanFactory.preInstantiateSingleton(DefaultListableBeanFactory.java:1187)
	at org.springframework.beans.factory.support.DefaultListableBeanFactory.preInstantiateSingletons(DefaultListableBeanFactory.java:1122)
	at org.springframework.context.support.AbstractApplicationContext.finishBeanFactoryInitialization(AbstractApplicationContext.java:987)
	at org.springframework.context.support.AbstractApplicationContext.refresh(AbstractApplicationContext.java:627)
	at org.springframework.boot.web.servlet.context.ServletWebServerApplicationContext.refresh(ServletWebServerApplicationContext.java:146)
	at org.springframework.boot.SpringApplication.refresh(SpringApplication.java:753)
	at org.springframework.boot.SpringApplication.refreshContext(SpringApplication.java:439)
	at org.springframework.boot.SpringApplication.run(SpringApplication.java:318)
	at org.springframework.boot.SpringApplication.run(SpringApplication.java:1362)
	at org.springframework.boot.SpringApplication.run(SpringApplication.java:1351)
	at jco.jcosaprfclink.JCoSapRfcLinkApplication.main(JCoSapRfcLinkApplication.java:12)
Caused by: java.lang.NullPointerException: null
	at java.base/java.util.concurrent.ConcurrentHashMap.putVal(ConcurrentHashMap.java:1011)
	at java.base/java.util.concurrent.ConcurrentHashMap.put(ConcurrentHashMap.java:1006)
	at java.base/java.util.Properties.put(Properties.java:1301)
	at java.base/java.util.Properties.setProperty(Properties.java:229)
	at jco.jcosaprfclink.config.saprfc.JCoConnectionManager.getServerProperties(JCoConnectionManager.java:46)
	at jco.jcosaprfclink.config.saprfc.JCoConnectionManager.init(JCoConnectionManager.java:26)
	at java.base/jdk.internal.reflect.NativeMethodAccessorImpl.invoke0(Native Method)
	at java.base/jdk.internal.reflect.NativeMethodAccessorImpl.invoke(NativeMethodAccessorImpl.java:77)
	at java.base/jdk.internal.reflect.DelegatingMethodAccessorImpl.invoke(DelegatingMethodAccessorImpl.java:43)
	at java.base/java.lang.reflect.Method.invoke(Method.java:568)
	at org.springframework.beans.factory.annotation.InitDestroyAnnotationBeanPostProcessor$LifecycleMethod.invoke(InitDestroyAnnotationBeanPostProcessor.java:457)
	at org.springframework.beans.factory.annotation.InitDestroyAnnotationBeanPostProcessor$LifecycleMetadata.invokeInitMethods(InitDestroyAnnotationBeanPostProcessor.java:401)
	at org.springframework.beans.factory.annotation.InitDestroyAnnotationBeanPostProcessor.postProcessBeforeInitialization(InitDestroyAnnotationBeanPostProcessor.java:219)
	... 20 common frames omitted
[ERROR] 10:17:22.731 o.s.boot.SpringApplication - Application run failed
org.springframework.beans.factory.BeanCreationException: Error creating bean with name 'JCoConnectionManager': Invocation of init method failed
	at org.springframework.beans.factory.annotation.InitDestroyAnnotationBeanPostProcessor.postProcessBeforeInitialization(InitDestroyAnnotationBeanPostProcessor.java:222)
	at org.springframework.beans.factory.support.AbstractAutowireCapableBeanFactory.applyBeanPostProcessorsBeforeInitialization(AbstractAutowireCapableBeanFactory.java:429)
	at org.springframework.beans.factory.support.AbstractAutowireCapableBeanFactory.initializeBean(AbstractAutowireCapableBeanFactory.java:1810)
	at org.springframework.beans.factory.support.AbstractAutowireCapableBeanFactory.doCreateBean(AbstractAutowireCapableBeanFactory.java:607)
	at org.springframework.beans.factory.support.AbstractAutowireCapableBeanFactory.createBean(AbstractAutowireCapableBeanFactory.java:529)
	at org.springframework.beans.factory.support.AbstractBeanFactory.lambda$doGetBean$0(AbstractBeanFactory.java:339)
	at org.springframework.beans.factory.support.DefaultSingletonBeanRegistry.getSingleton(DefaultSingletonBeanRegistry.java:371)
	at org.springframework.beans.factory.support.AbstractBeanFactory.doGetBean(AbstractBeanFactory.java:337)
	at org.springframework.beans.factory.support.AbstractBeanFactory.getBean(AbstractBeanFactory.java:202)
	at org.springframework.beans.factory.support.DefaultListableBeanFactory.instantiateSingleton(DefaultListableBeanFactory.java:1221)
	at org.springframework.beans.factory.support.DefaultListableBeanFactory.preInstantiateSingleton(DefaultListableBeanFactory.java:1187)
	at org.springframework.beans.factory.support.DefaultListableBeanFactory.preInstantiateSingletons(DefaultListableBeanFactory.java:1122)
	at org.springframework.context.support.AbstractApplicationContext.finishBeanFactoryInitialization(AbstractApplicationContext.java:987)
	at org.springframework.context.support.AbstractApplicationContext.refresh(AbstractApplicationContext.java:627)
	at org.springframework.boot.web.servlet.context.ServletWebServerApplicationContext.refresh(ServletWebServerApplicationContext.java:146)
	at org.springframework.boot.SpringApplication.refresh(SpringApplication.java:753)
	at org.springframework.boot.SpringApplication.refreshContext(SpringApplication.java:439)
	at org.springframework.boot.SpringApplication.run(SpringApplication.java:318)
	at org.springframework.boot.SpringApplication.run(SpringApplication.java:1362)
	at org.springframework.boot.SpringApplication.run(SpringApplication.java:1351)
	at jco.jcosaprfclink.JCoSapRfcLinkApplication.main(JCoSapRfcLinkApplication.java:12)
Caused by: java.lang.NullPointerException: null
	at java.base/java.util.concurrent.ConcurrentHashMap.putVal(ConcurrentHashMap.java:1011)
	at java.base/java.util.concurrent.ConcurrentHashMap.put(ConcurrentHashMap.java:1006)
	at java.base/java.util.Properties.put(Properties.java:1301)
	at java.base/java.util.Properties.setProperty(Properties.java:229)
	at jco.jcosaprfclink.config.saprfc.JCoConnectionManager.getServerProperties(JCoConnectionManager.java:44)
	at jco.jcosaprfclink.config.saprfc.JCoConnectionManager.init(JCoConnectionManager.java:25)
	at java.base/jdk.internal.reflect.NativeMethodAccessorImpl.invoke0(Native Method)
	at java.base/jdk.internal.reflect.NativeMethodAccessorImpl.invoke(NativeMethodAccessorImpl.java:77)
	at java.base/jdk.internal.reflect.DelegatingMethodAccessorImpl.invoke(DelegatingMethodAccessorImpl.java:43)
	at java.base/java.lang.reflect.Method.invoke(Method.java:568)
	at org.springframework.beans.factory.annotation.InitDestroyAnnotationBeanPostProcessor$LifecycleMethod.invoke(InitDestroyAnnotationBeanPostProcessor.java:457)
	at org.springframework.beans.factory.annotation.InitDestroyAnnotationBeanPostProcessor$LifecycleMetadata.invokeInitMethods(InitDestroyAnnotationBeanPostProcessor.java:401)
	at org.springframework.beans.factory.annotation.InitDestroyAnnotationBeanPostProcessor.postProcessBeforeInitialization(InitDestroyAnnotationBeanPostProcessor.java:219)
	... 20 common frames omitted
[ERROR] 10:31:46.411 j.j.config.saprfc.SAPDataMapper - « µÂ ∫Ø»Ø ø¿∑˘: MLDDT_BSET (type: 1)
com.sap.conn.jco.ConversionException: Cannot convert field MLDDT_BSET of type DATE to int
	at com.sap.conn.jco.rt.AbstractRecord.createConversionException(AbstractRecord.java:448)
	at com.sap.conn.jco.rt.AbstractRecord.createConversionException(AbstractRecord.java:443)
	at com.sap.conn.jco.rt.AbstractRecord.getInt(AbstractRecord.java:2055)
	at com.sap.conn.jco.rt.AbstractRecord.getInt(AbstractRecord.java:3038)
	at jco.jcosaprfclink.config.saprfc.DefaultJCoFieldConverter.convert(JCoFieldConverter.java:18)
	at jco.jcosaprfclink.config.saprfc.SAPDataMapper.setRFCExport(SAPDataMapper.java:67)
	at jco.jcosaprfclink.controller.TaxInvoiceStateController.handleRequest(TaxInvoiceStateController.java:27)
	at java.base/jdk.internal.reflect.NativeMethodAccessorImpl.invoke0(Native Method)
	at java.base/jdk.internal.reflect.NativeMethodAccessorImpl.invoke(NativeMethodAccessorImpl.java:77)
	at java.base/jdk.internal.reflect.DelegatingMethodAccessorImpl.invoke(DelegatingMethodAccessorImpl.java:43)
	at java.base/java.lang.reflect.Method.invoke(Method.java:568)
	at org.springframework.aop.support.AopUtils.invokeJoinpointUsingReflection(AopUtils.java:359)
	at org.springframework.aop.framework.ReflectiveMethodInvocation.invokeJoinpoint(ReflectiveMethodInvocation.java:196)
	at org.springframework.aop.framework.ReflectiveMethodInvocation.proceed(ReflectiveMethodInvocation.java:163)
	at org.springframework.aop.aspectj.MethodInvocationProceedingJoinPoint.proceed(MethodInvocationProceedingJoinPoint.java:89)
	at jco.jcosaprfclink.config.aop.TimeTraceAspect.traceTime(TimeTraceAspect.java:27)
	at java.base/jdk.internal.reflect.NativeMethodAccessorImpl.invoke0(Native Method)
	at java.base/jdk.internal.reflect.NativeMethodAccessorImpl.invoke(NativeMethodAccessorImpl.java:77)
	at java.base/jdk.internal.reflect.DelegatingMethodAccessorImpl.invoke(DelegatingMethodAccessorImpl.java:43)
	at java.base/java.lang.reflect.Method.invoke(Method.java:568)
	at org.springframework.aop.aspectj.AbstractAspectJAdvice.invokeAdviceMethodWithGivenArgs(AbstractAspectJAdvice.java:642)
	at org.springframework.aop.aspectj.AbstractAspectJAdvice.invokeAdviceMethod(AbstractAspectJAdvice.java:632)
	at org.springframework.aop.aspectj.AspectJAroundAdvice.invoke(AspectJAroundAdvice.java:71)
	at org.springframework.aop.framework.ReflectiveMethodInvocation.proceed(ReflectiveMethodInvocation.java:173)
	at org.springframework.aop.interceptor.ExposeInvocationInterceptor.invoke(ExposeInvocationInterceptor.java:97)
	at org.springframework.aop.framework.ReflectiveMethodInvocation.proceed(ReflectiveMethodInvocation.java:184)
	at org.springframework.aop.framework.CglibAopProxy$DynamicAdvisedInterceptor.intercept(CglibAopProxy.java:728)
	at jco.jcosaprfclink.controller.TaxInvoiceStateController$$SpringCGLIB$$0.handleRequest(<generated>)
	at com.sap.conn.jco.rt.DefaultServerWorker$FunctionDispatcher.handleRequest(DefaultServerWorker.java:1041)
	at com.sap.conn.jco.rt.DefaultServerWorker$FunctionDispatcher.handleRequest(DefaultServerWorker.java:977)
	at com.sap.conn.jco.rt.DefaultServerWorker.dispatchRequest(DefaultServerWorker.java:148)
	at com.sap.conn.jco.rt.MiddlewareJavaRfc$JavaRfcServer.dispatchRequest(MiddlewareJavaRfc.java:3685)
	at com.sap.conn.jco.rt.MiddlewareJavaRfc$JavaRfcServer.listen(MiddlewareJavaRfc.java:2729)
	at com.sap.conn.jco.rt.DefaultServerWorker.dispatch(DefaultServerWorker.java:275)
	at com.sap.conn.jco.rt.DefaultServerWorker.loop(DefaultServerWorker.java:356)
	at com.sap.conn.jco.rt.DefaultServerWorker.run(DefaultServerWorker.java:232)
	at java.base/java.lang.Thread.run(Thread.java:833)
[ERROR] 10:34:12.603 j.j.config.saprfc.SAPDataMapper - « µÂ ∫Ø»Ø ø¿∑˘: MLDDT_BSET (type: 1)
com.sap.conn.jco.ConversionException: Cannot convert field MLDDT_BSET of type DATE to int
	at com.sap.conn.jco.rt.AbstractRecord.createConversionException(AbstractRecord.java:448)
	at com.sap.conn.jco.rt.AbstractRecord.createConversionException(AbstractRecord.java:443)
	at com.sap.conn.jco.rt.AbstractRecord.getInt(AbstractRecord.java:2055)
	at com.sap.conn.jco.rt.AbstractRecord.getInt(AbstractRecord.java:3038)
	at jco.jcosaprfclink.config.saprfc.DefaultJCoFieldConverter.convert(JCoFieldConverter.java:18)
	at jco.jcosaprfclink.config.saprfc.SAPDataMapper.setRFCExport(SAPDataMapper.java:67)
	at jco.jcosaprfclink.controller.TaxInvoiceStateController.handleRequest(TaxInvoiceStateController.java:27)
	at java.base/jdk.internal.reflect.NativeMethodAccessorImpl.invoke0(Native Method)
	at java.base/jdk.internal.reflect.NativeMethodAccessorImpl.invoke(NativeMethodAccessorImpl.java:77)
	at java.base/jdk.internal.reflect.DelegatingMethodAccessorImpl.invoke(DelegatingMethodAccessorImpl.java:43)
	at java.base/java.lang.reflect.Method.invoke(Method.java:568)
	at org.springframework.aop.support.AopUtils.invokeJoinpointUsingReflection(AopUtils.java:359)
	at org.springframework.aop.framework.ReflectiveMethodInvocation.invokeJoinpoint(ReflectiveMethodInvocation.java:196)
	at org.springframework.aop.framework.ReflectiveMethodInvocation.proceed(ReflectiveMethodInvocation.java:163)
	at org.springframework.aop.aspectj.MethodInvocationProceedingJoinPoint.proceed(MethodInvocationProceedingJoinPoint.java:89)
	at jco.jcosaprfclink.config.aop.TimeTraceAspect.traceTime(TimeTraceAspect.java:27)
	at java.base/jdk.internal.reflect.NativeMethodAccessorImpl.invoke0(Native Method)
	at java.base/jdk.internal.reflect.NativeMethodAccessorImpl.invoke(NativeMethodAccessorImpl.java:77)
	at java.base/jdk.internal.reflect.DelegatingMethodAccessorImpl.invoke(DelegatingMethodAccessorImpl.java:43)
	at java.base/java.lang.reflect.Method.invoke(Method.java:568)
	at org.springframework.aop.aspectj.AbstractAspectJAdvice.invokeAdviceMethodWithGivenArgs(AbstractAspectJAdvice.java:642)
	at org.springframework.aop.aspectj.AbstractAspectJAdvice.invokeAdviceMethod(AbstractAspectJAdvice.java:632)
	at org.springframework.aop.aspectj.AspectJAroundAdvice.invoke(AspectJAroundAdvice.java:71)
	at org.springframework.aop.framework.ReflectiveMethodInvocation.proceed(ReflectiveMethodInvocation.java:173)
	at org.springframework.aop.interceptor.ExposeInvocationInterceptor.invoke(ExposeInvocationInterceptor.java:97)
	at org.springframework.aop.framework.ReflectiveMethodInvocation.proceed(ReflectiveMethodInvocation.java:184)
	at org.springframework.aop.framework.CglibAopProxy$DynamicAdvisedInterceptor.intercept(CglibAopProxy.java:728)
	at jco.jcosaprfclink.controller.TaxInvoiceStateController$$SpringCGLIB$$0.handleRequest(<generated>)
	at com.sap.conn.jco.rt.DefaultServerWorker$FunctionDispatcher.handleRequest(DefaultServerWorker.java:1041)
	at com.sap.conn.jco.rt.DefaultServerWorker$FunctionDispatcher.handleRequest(DefaultServerWorker.java:977)
	at com.sap.conn.jco.rt.DefaultServerWorker.dispatchRequest(DefaultServerWorker.java:148)
	at com.sap.conn.jco.rt.MiddlewareJavaRfc$JavaRfcServer.dispatchRequest(MiddlewareJavaRfc.java:3685)
	at com.sap.conn.jco.rt.MiddlewareJavaRfc$JavaRfcServer.listen(MiddlewareJavaRfc.java:2729)
	at com.sap.conn.jco.rt.DefaultServerWorker.dispatch(DefaultServerWorker.java:275)
	at com.sap.conn.jco.rt.DefaultServerWorker.loop(DefaultServerWorker.java:356)
	at com.sap.conn.jco.rt.DefaultServerWorker.run(DefaultServerWorker.java:232)
	at java.base/java.lang.Thread.run(Thread.java:833)
[ERROR] 10:34:12.634 j.j.config.saprfc.SAPDataMapper - « µÂ ∫Ø»Ø ø¿∑˘: MLDDT_BSET (type: 1)
com.sap.conn.jco.ConversionException: Cannot convert field MLDDT_BSET of type DATE to int
	at com.sap.conn.jco.rt.AbstractRecord.createConversionException(AbstractRecord.java:448)
	at com.sap.conn.jco.rt.AbstractRecord.createConversionException(AbstractRecord.java:443)
	at com.sap.conn.jco.rt.AbstractRecord.getInt(AbstractRecord.java:2055)
	at com.sap.conn.jco.rt.AbstractRecord.getInt(AbstractRecord.java:3038)
	at jco.jcosaprfclink.config.saprfc.DefaultJCoFieldConverter.convert(JCoFieldConverter.java:18)
	at jco.jcosaprfclink.config.saprfc.SAPDataMapper.setRFCExport(SAPDataMapper.java:67)
	at jco.jcosaprfclink.controller.TaxInvoiceStateController.handleRequest(TaxInvoiceStateController.java:27)
	at java.base/jdk.internal.reflect.NativeMethodAccessorImpl.invoke0(Native Method)
	at java.base/jdk.internal.reflect.NativeMethodAccessorImpl.invoke(NativeMethodAccessorImpl.java:77)
	at java.base/jdk.internal.reflect.DelegatingMethodAccessorImpl.invoke(DelegatingMethodAccessorImpl.java:43)
	at java.base/java.lang.reflect.Method.invoke(Method.java:568)
	at org.springframework.aop.support.AopUtils.invokeJoinpointUsingReflection(AopUtils.java:359)
	at org.springframework.aop.framework.ReflectiveMethodInvocation.invokeJoinpoint(ReflectiveMethodInvocation.java:196)
	at org.springframework.aop.framework.ReflectiveMethodInvocation.proceed(ReflectiveMethodInvocation.java:163)
	at org.springframework.aop.aspectj.MethodInvocationProceedingJoinPoint.proceed(MethodInvocationProceedingJoinPoint.java:89)
	at jco.jcosaprfclink.config.aop.TimeTraceAspect.traceTime(TimeTraceAspect.java:27)
	at java.base/jdk.internal.reflect.NativeMethodAccessorImpl.invoke0(Native Method)
	at java.base/jdk.internal.reflect.NativeMethodAccessorImpl.invoke(NativeMethodAccessorImpl.java:77)
	at java.base/jdk.internal.reflect.DelegatingMethodAccessorImpl.invoke(DelegatingMethodAccessorImpl.java:43)
	at java.base/java.lang.reflect.Method.invoke(Method.java:568)
	at org.springframework.aop.aspectj.AbstractAspectJAdvice.invokeAdviceMethodWithGivenArgs(AbstractAspectJAdvice.java:642)
	at org.springframework.aop.aspectj.AbstractAspectJAdvice.invokeAdviceMethod(AbstractAspectJAdvice.java:632)
	at org.springframework.aop.aspectj.AspectJAroundAdvice.invoke(AspectJAroundAdvice.java:71)
	at org.springframework.aop.framework.ReflectiveMethodInvocation.proceed(ReflectiveMethodInvocation.java:173)
	at org.springframework.aop.interceptor.ExposeInvocationInterceptor.invoke(ExposeInvocationInterceptor.java:97)
	at org.springframework.aop.framework.ReflectiveMethodInvocation.proceed(ReflectiveMethodInvocation.java:184)
	at org.springframework.aop.framework.CglibAopProxy$DynamicAdvisedInterceptor.intercept(CglibAopProxy.java:728)
	at jco.jcosaprfclink.controller.TaxInvoiceStateController$$SpringCGLIB$$0.handleRequest(<generated>)
	at com.sap.conn.jco.rt.DefaultServerWorker$FunctionDispatcher.handleRequest(DefaultServerWorker.java:1041)
	at com.sap.conn.jco.rt.DefaultServerWorker$FunctionDispatcher.handleRequest(DefaultServerWorker.java:977)
	at com.sap.conn.jco.rt.DefaultServerWorker.dispatchRequest(DefaultServerWorker.java:148)
	at com.sap.conn.jco.rt.MiddlewareJavaRfc$JavaRfcServer.dispatchRequest(MiddlewareJavaRfc.java:3685)
	at com.sap.conn.jco.rt.MiddlewareJavaRfc$JavaRfcServer.listen(MiddlewareJavaRfc.java:2729)
	at com.sap.conn.jco.rt.DefaultServerWorker.dispatch(DefaultServerWorker.java:275)
	at com.sap.conn.jco.rt.DefaultServerWorker.loop(DefaultServerWorker.java:356)
	at com.sap.conn.jco.rt.DefaultServerWorker.run(DefaultServerWorker.java:232)
	at java.base/java.lang.Thread.run(Thread.java:833)
[ERROR] 10:34:12.639 j.j.config.saprfc.SAPDataMapper - « µÂ ∫Ø»Ø ø¿∑˘: MLDDT_BSET (type: 1)
com.sap.conn.jco.ConversionException: Cannot convert field MLDDT_BSET of type DATE to int
	at com.sap.conn.jco.rt.AbstractRecord.createConversionException(AbstractRecord.java:448)
	at com.sap.conn.jco.rt.AbstractRecord.createConversionException(AbstractRecord.java:443)
	at com.sap.conn.jco.rt.AbstractRecord.getInt(AbstractRecord.java:2055)
	at com.sap.conn.jco.rt.AbstractRecord.getInt(AbstractRecord.java:3038)
	at jco.jcosaprfclink.config.saprfc.DefaultJCoFieldConverter.convert(JCoFieldConverter.java:18)
	at jco.jcosaprfclink.config.saprfc.SAPDataMapper.setRFCExport(SAPDataMapper.java:67)
	at jco.jcosaprfclink.controller.TaxInvoiceStateController.handleRequest(TaxInvoiceStateController.java:27)
	at java.base/jdk.internal.reflect.NativeMethodAccessorImpl.invoke0(Native Method)
	at java.base/jdk.internal.reflect.NativeMethodAccessorImpl.invoke(NativeMethodAccessorImpl.java:77)
	at java.base/jdk.internal.reflect.DelegatingMethodAccessorImpl.invoke(DelegatingMethodAccessorImpl.java:43)
	at java.base/java.lang.reflect.Method.invoke(Method.java:568)
	at org.springframework.aop.support.AopUtils.invokeJoinpointUsingReflection(AopUtils.java:359)
	at org.springframework.aop.framework.ReflectiveMethodInvocation.invokeJoinpoint(ReflectiveMethodInvocation.java:196)
	at org.springframework.aop.framework.ReflectiveMethodInvocation.proceed(ReflectiveMethodInvocation.java:163)
	at org.springframework.aop.aspectj.MethodInvocationProceedingJoinPoint.proceed(MethodInvocationProceedingJoinPoint.java:89)
	at jco.jcosaprfclink.config.aop.TimeTraceAspect.traceTime(TimeTraceAspect.java:27)
	at java.base/jdk.internal.reflect.NativeMethodAccessorImpl.invoke0(Native Method)
	at java.base/jdk.internal.reflect.NativeMethodAccessorImpl.invoke(NativeMethodAccessorImpl.java:77)
	at java.base/jdk.internal.reflect.DelegatingMethodAccessorImpl.invoke(DelegatingMethodAccessorImpl.java:43)
	at java.base/java.lang.reflect.Method.invoke(Method.java:568)
	at org.springframework.aop.aspectj.AbstractAspectJAdvice.invokeAdviceMethodWithGivenArgs(AbstractAspectJAdvice.java:642)
	at org.springframework.aop.aspectj.AbstractAspectJAdvice.invokeAdviceMethod(AbstractAspectJAdvice.java:632)
	at org.springframework.aop.aspectj.AspectJAroundAdvice.invoke(AspectJAroundAdvice.java:71)
	at org.springframework.aop.framework.ReflectiveMethodInvocation.proceed(ReflectiveMethodInvocation.java:173)
	at org.springframework.aop.interceptor.ExposeInvocationInterceptor.invoke(ExposeInvocationInterceptor.java:97)
	at org.springframework.aop.framework.ReflectiveMethodInvocation.proceed(ReflectiveMethodInvocation.java:184)
	at org.springframework.aop.framework.CglibAopProxy$DynamicAdvisedInterceptor.intercept(CglibAopProxy.java:728)
	at jco.jcosaprfclink.controller.TaxInvoiceStateController$$SpringCGLIB$$0.handleRequest(<generated>)
	at com.sap.conn.jco.rt.DefaultServerWorker$FunctionDispatcher.handleRequest(DefaultServerWorker.java:1041)
	at com.sap.conn.jco.rt.DefaultServerWorker$FunctionDispatcher.handleRequest(DefaultServerWorker.java:977)
	at com.sap.conn.jco.rt.DefaultServerWorker.dispatchRequest(DefaultServerWorker.java:148)
	at com.sap.conn.jco.rt.MiddlewareJavaRfc$JavaRfcServer.dispatchRequest(MiddlewareJavaRfc.java:3685)
	at com.sap.conn.jco.rt.MiddlewareJavaRfc$JavaRfcServer.listen(MiddlewareJavaRfc.java:2729)
	at com.sap.conn.jco.rt.DefaultServerWorker.dispatch(DefaultServerWorker.java:275)
	at com.sap.conn.jco.rt.DefaultServerWorker.loop(DefaultServerWorker.java:356)
	at com.sap.conn.jco.rt.DefaultServerWorker.run(DefaultServerWorker.java:232)
	at java.base/java.lang.Thread.run(Thread.java:833)
[ERROR] 10:34:12.668 j.j.config.saprfc.SAPDataMapper - « µÂ ∫Ø»Ø ø¿∑˘: MLDDT_BSET (type: 1)
com.sap.conn.jco.ConversionException: Cannot convert field MLDDT_BSET of type DATE to int
	at com.sap.conn.jco.rt.AbstractRecord.createConversionException(AbstractRecord.java:448)
	at com.sap.conn.jco.rt.AbstractRecord.createConversionException(AbstractRecord.java:443)
	at com.sap.conn.jco.rt.AbstractRecord.getInt(AbstractRecord.java:2055)
	at com.sap.conn.jco.rt.AbstractRecord.getInt(AbstractRecord.java:3038)
	at jco.jcosaprfclink.config.saprfc.DefaultJCoFieldConverter.convert(JCoFieldConverter.java:18)
	at jco.jcosaprfclink.config.saprfc.SAPDataMapper.setRFCExport(SAPDataMapper.java:67)
	at jco.jcosaprfclink.controller.TaxInvoiceStateController.handleRequest(TaxInvoiceStateController.java:27)
	at java.base/jdk.internal.reflect.NativeMethodAccessorImpl.invoke0(Native Method)
	at java.base/jdk.internal.reflect.NativeMethodAccessorImpl.invoke(NativeMethodAccessorImpl.java:77)
	at java.base/jdk.internal.reflect.DelegatingMethodAccessorImpl.invoke(DelegatingMethodAccessorImpl.java:43)
	at java.base/java.lang.reflect.Method.invoke(Method.java:568)
	at org.springframework.aop.support.AopUtils.invokeJoinpointUsingReflection(AopUtils.java:359)
	at org.springframework.aop.framework.ReflectiveMethodInvocation.invokeJoinpoint(ReflectiveMethodInvocation.java:196)
	at org.springframework.aop.framework.ReflectiveMethodInvocation.proceed(ReflectiveMethodInvocation.java:163)
	at org.springframework.aop.aspectj.MethodInvocationProceedingJoinPoint.proceed(MethodInvocationProceedingJoinPoint.java:89)
	at jco.jcosaprfclink.config.aop.TimeTraceAspect.traceTime(TimeTraceAspect.java:27)
	at java.base/jdk.internal.reflect.NativeMethodAccessorImpl.invoke0(Native Method)
	at java.base/jdk.internal.reflect.NativeMethodAccessorImpl.invoke(NativeMethodAccessorImpl.java:77)
	at java.base/jdk.internal.reflect.DelegatingMethodAccessorImpl.invoke(DelegatingMethodAccessorImpl.java:43)
	at java.base/java.lang.reflect.Method.invoke(Method.java:568)
	at org.springframework.aop.aspectj.AbstractAspectJAdvice.invokeAdviceMethodWithGivenArgs(AbstractAspectJAdvice.java:642)
	at org.springframework.aop.aspectj.AbstractAspectJAdvice.invokeAdviceMethod(AbstractAspectJAdvice.java:632)
	at org.springframework.aop.aspectj.AspectJAroundAdvice.invoke(AspectJAroundAdvice.java:71)
	at org.springframework.aop.framework.ReflectiveMethodInvocation.proceed(ReflectiveMethodInvocation.java:173)
	at org.springframework.aop.interceptor.ExposeInvocationInterceptor.invoke(ExposeInvocationInterceptor.java:97)
	at org.springframework.aop.framework.ReflectiveMethodInvocation.proceed(ReflectiveMethodInvocation.java:184)
	at org.springframework.aop.framework.CglibAopProxy$DynamicAdvisedInterceptor.intercept(CglibAopProxy.java:728)
	at jco.jcosaprfclink.controller.TaxInvoiceStateController$$SpringCGLIB$$0.handleRequest(<generated>)
	at com.sap.conn.jco.rt.DefaultServerWorker$FunctionDispatcher.handleRequest(DefaultServerWorker.java:1041)
	at com.sap.conn.jco.rt.DefaultServerWorker$FunctionDispatcher.handleRequest(DefaultServerWorker.java:977)
	at com.sap.conn.jco.rt.DefaultServerWorker.dispatchRequest(DefaultServerWorker.java:148)
	at com.sap.conn.jco.rt.MiddlewareJavaRfc$JavaRfcServer.dispatchRequest(MiddlewareJavaRfc.java:3685)
	at com.sap.conn.jco.rt.MiddlewareJavaRfc$JavaRfcServer.listen(MiddlewareJavaRfc.java:2729)
	at com.sap.conn.jco.rt.DefaultServerWorker.dispatch(DefaultServerWorker.java:275)
	at com.sap.conn.jco.rt.DefaultServerWorker.loop(DefaultServerWorker.java:356)
	at com.sap.conn.jco.rt.DefaultServerWorker.run(DefaultServerWorker.java:232)
	at java.base/java.lang.Thread.run(Thread.java:833)
[ERROR] 11:12:22.887 j.j.config.saprfc.SAPDataMapper - « µÂ ∫Ø»Ø ø¿∑˘: MLDDT_BSET (type: 1)
com.sap.conn.jco.ConversionException: Cannot convert field MLDDT_BSET of type DATE to int
	at com.sap.conn.jco.rt.AbstractRecord.createConversionException(AbstractRecord.java:448)
	at com.sap.conn.jco.rt.AbstractRecord.createConversionException(AbstractRecord.java:443)
	at com.sap.conn.jco.rt.AbstractRecord.getInt(AbstractRecord.java:2055)
	at com.sap.conn.jco.rt.AbstractRecord.getInt(AbstractRecord.java:3038)
	at jco.jcosaprfclink.config.saprfc.DefaultJCoFieldConverter.convert(JCoFieldConverter.java:18)
	at jco.jcosaprfclink.config.saprfc.SAPDataMapper.setRFCExport(SAPDataMapper.java:67)
	at jco.jcosaprfclink.controller.TaxInvoiceStateController.handleRequest(TaxInvoiceStateController.java:27)
	at java.base/jdk.internal.reflect.NativeMethodAccessorImpl.invoke0(Native Method)
	at java.base/jdk.internal.reflect.NativeMethodAccessorImpl.invoke(NativeMethodAccessorImpl.java:77)
	at java.base/jdk.internal.reflect.DelegatingMethodAccessorImpl.invoke(DelegatingMethodAccessorImpl.java:43)
	at java.base/java.lang.reflect.Method.invoke(Method.java:568)
	at org.springframework.aop.support.AopUtils.invokeJoinpointUsingReflection(AopUtils.java:359)
	at org.springframework.aop.framework.ReflectiveMethodInvocation.invokeJoinpoint(ReflectiveMethodInvocation.java:196)
	at org.springframework.aop.framework.ReflectiveMethodInvocation.proceed(ReflectiveMethodInvocation.java:163)
	at org.springframework.aop.aspectj.MethodInvocationProceedingJoinPoint.proceed(MethodInvocationProceedingJoinPoint.java:89)
	at jco.jcosaprfclink.config.aop.TimeTraceAspect.traceTime(TimeTraceAspect.java:27)
	at java.base/jdk.internal.reflect.NativeMethodAccessorImpl.invoke0(Native Method)
	at java.base/jdk.internal.reflect.NativeMethodAccessorImpl.invoke(NativeMethodAccessorImpl.java:77)
	at java.base/jdk.internal.reflect.DelegatingMethodAccessorImpl.invoke(DelegatingMethodAccessorImpl.java:43)
	at java.base/java.lang.reflect.Method.invoke(Method.java:568)
	at org.springframework.aop.aspectj.AbstractAspectJAdvice.invokeAdviceMethodWithGivenArgs(AbstractAspectJAdvice.java:642)
	at org.springframework.aop.aspectj.AbstractAspectJAdvice.invokeAdviceMethod(AbstractAspectJAdvice.java:632)
	at org.springframework.aop.aspectj.AspectJAroundAdvice.invoke(AspectJAroundAdvice.java:71)
	at org.springframework.aop.framework.ReflectiveMethodInvocation.proceed(ReflectiveMethodInvocation.java:173)
	at org.springframework.aop.interceptor.ExposeInvocationInterceptor.invoke(ExposeInvocationInterceptor.java:97)
	at org.springframework.aop.framework.ReflectiveMethodInvocation.proceed(ReflectiveMethodInvocation.java:184)
	at org.springframework.aop.framework.CglibAopProxy$DynamicAdvisedInterceptor.intercept(CglibAopProxy.java:728)
	at jco.jcosaprfclink.controller.TaxInvoiceStateController$$SpringCGLIB$$0.handleRequest(<generated>)
	at com.sap.conn.jco.rt.DefaultServerWorker$FunctionDispatcher.handleRequest(DefaultServerWorker.java:1041)
	at com.sap.conn.jco.rt.DefaultServerWorker$FunctionDispatcher.handleRequest(DefaultServerWorker.java:977)
	at com.sap.conn.jco.rt.DefaultServerWorker.dispatchRequest(DefaultServerWorker.java:148)
	at com.sap.conn.jco.rt.MiddlewareJavaRfc$JavaRfcServer.dispatchRequest(MiddlewareJavaRfc.java:3685)
	at com.sap.conn.jco.rt.MiddlewareJavaRfc$JavaRfcServer.listen(MiddlewareJavaRfc.java:2729)
	at com.sap.conn.jco.rt.DefaultServerWorker.dispatch(DefaultServerWorker.java:275)
	at com.sap.conn.jco.rt.DefaultServerWorker.loop(DefaultServerWorker.java:356)
	at com.sap.conn.jco.rt.DefaultServerWorker.run(DefaultServerWorker.java:232)
	at java.base/java.lang.Thread.run(Thread.java:833)
[ERROR] 11:12:22.911 j.j.config.saprfc.SAPDataMapper - « µÂ ∫Ø»Ø ø¿∑˘: MLDDT_BSET (type: 1)
com.sap.conn.jco.ConversionException: Cannot convert field MLDDT_BSET of type DATE to int
	at com.sap.conn.jco.rt.AbstractRecord.createConversionException(AbstractRecord.java:448)
	at com.sap.conn.jco.rt.AbstractRecord.createConversionException(AbstractRecord.java:443)
	at com.sap.conn.jco.rt.AbstractRecord.getInt(AbstractRecord.java:2055)
	at com.sap.conn.jco.rt.AbstractRecord.getInt(AbstractRecord.java:3038)
	at jco.jcosaprfclink.config.saprfc.DefaultJCoFieldConverter.convert(JCoFieldConverter.java:18)
	at jco.jcosaprfclink.config.saprfc.SAPDataMapper.setRFCExport(SAPDataMapper.java:67)
	at jco.jcosaprfclink.controller.TaxInvoiceStateController.handleRequest(TaxInvoiceStateController.java:27)
	at java.base/jdk.internal.reflect.NativeMethodAccessorImpl.invoke0(Native Method)
	at java.base/jdk.internal.reflect.NativeMethodAccessorImpl.invoke(NativeMethodAccessorImpl.java:77)
	at java.base/jdk.internal.reflect.DelegatingMethodAccessorImpl.invoke(DelegatingMethodAccessorImpl.java:43)
	at java.base/java.lang.reflect.Method.invoke(Method.java:568)
	at org.springframework.aop.support.AopUtils.invokeJoinpointUsingReflection(AopUtils.java:359)
	at org.springframework.aop.framework.ReflectiveMethodInvocation.invokeJoinpoint(ReflectiveMethodInvocation.java:196)
	at org.springframework.aop.framework.ReflectiveMethodInvocation.proceed(ReflectiveMethodInvocation.java:163)
	at org.springframework.aop.aspectj.MethodInvocationProceedingJoinPoint.proceed(MethodInvocationProceedingJoinPoint.java:89)
	at jco.jcosaprfclink.config.aop.TimeTraceAspect.traceTime(TimeTraceAspect.java:27)
	at java.base/jdk.internal.reflect.NativeMethodAccessorImpl.invoke0(Native Method)
	at java.base/jdk.internal.reflect.NativeMethodAccessorImpl.invoke(NativeMethodAccessorImpl.java:77)
	at java.base/jdk.internal.reflect.DelegatingMethodAccessorImpl.invoke(DelegatingMethodAccessorImpl.java:43)
	at java.base/java.lang.reflect.Method.invoke(Method.java:568)
	at org.springframework.aop.aspectj.AbstractAspectJAdvice.invokeAdviceMethodWithGivenArgs(AbstractAspectJAdvice.java:642)
	at org.springframework.aop.aspectj.AbstractAspectJAdvice.invokeAdviceMethod(AbstractAspectJAdvice.java:632)
	at org.springframework.aop.aspectj.AspectJAroundAdvice.invoke(AspectJAroundAdvice.java:71)
	at org.springframework.aop.framework.ReflectiveMethodInvocation.proceed(ReflectiveMethodInvocation.java:173)
	at org.springframework.aop.interceptor.ExposeInvocationInterceptor.invoke(ExposeInvocationInterceptor.java:97)
	at org.springframework.aop.framework.ReflectiveMethodInvocation.proceed(ReflectiveMethodInvocation.java:184)
	at org.springframework.aop.framework.CglibAopProxy$DynamicAdvisedInterceptor.intercept(CglibAopProxy.java:728)
	at jco.jcosaprfclink.controller.TaxInvoiceStateController$$SpringCGLIB$$0.handleRequest(<generated>)
	at com.sap.conn.jco.rt.DefaultServerWorker$FunctionDispatcher.handleRequest(DefaultServerWorker.java:1041)
	at com.sap.conn.jco.rt.DefaultServerWorker$FunctionDispatcher.handleRequest(DefaultServerWorker.java:977)
	at com.sap.conn.jco.rt.DefaultServerWorker.dispatchRequest(DefaultServerWorker.java:148)
	at com.sap.conn.jco.rt.MiddlewareJavaRfc$JavaRfcServer.dispatchRequest(MiddlewareJavaRfc.java:3685)
	at com.sap.conn.jco.rt.MiddlewareJavaRfc$JavaRfcServer.listen(MiddlewareJavaRfc.java:2729)
	at com.sap.conn.jco.rt.DefaultServerWorker.dispatch(DefaultServerWorker.java:275)
	at com.sap.conn.jco.rt.DefaultServerWorker.loop(DefaultServerWorker.java:356)
	at com.sap.conn.jco.rt.DefaultServerWorker.run(DefaultServerWorker.java:232)
	at java.base/java.lang.Thread.run(Thread.java:833)
[ERROR] 11:12:22.920 j.j.config.saprfc.SAPDataMapper - « µÂ ∫Ø»Ø ø¿∑˘: MLDDT_BSET (type: 1)
com.sap.conn.jco.ConversionException: Cannot convert field MLDDT_BSET of type DATE to int
	at com.sap.conn.jco.rt.AbstractRecord.createConversionException(AbstractRecord.java:448)
	at com.sap.conn.jco.rt.AbstractRecord.createConversionException(AbstractRecord.java:443)
	at com.sap.conn.jco.rt.AbstractRecord.getInt(AbstractRecord.java:2055)
	at com.sap.conn.jco.rt.AbstractRecord.getInt(AbstractRecord.java:3038)
	at jco.jcosaprfclink.config.saprfc.DefaultJCoFieldConverter.convert(JCoFieldConverter.java:18)
	at jco.jcosaprfclink.config.saprfc.SAPDataMapper.setRFCExport(SAPDataMapper.java:67)
	at jco.jcosaprfclink.controller.TaxInvoiceStateController.handleRequest(TaxInvoiceStateController.java:27)
	at java.base/jdk.internal.reflect.NativeMethodAccessorImpl.invoke0(Native Method)
	at java.base/jdk.internal.reflect.NativeMethodAccessorImpl.invoke(NativeMethodAccessorImpl.java:77)
	at java.base/jdk.internal.reflect.DelegatingMethodAccessorImpl.invoke(DelegatingMethodAccessorImpl.java:43)
	at java.base/java.lang.reflect.Method.invoke(Method.java:568)
	at org.springframework.aop.support.AopUtils.invokeJoinpointUsingReflection(AopUtils.java:359)
	at org.springframework.aop.framework.ReflectiveMethodInvocation.invokeJoinpoint(ReflectiveMethodInvocation.java:196)
	at org.springframework.aop.framework.ReflectiveMethodInvocation.proceed(ReflectiveMethodInvocation.java:163)
	at org.springframework.aop.aspectj.MethodInvocationProceedingJoinPoint.proceed(MethodInvocationProceedingJoinPoint.java:89)
	at jco.jcosaprfclink.config.aop.TimeTraceAspect.traceTime(TimeTraceAspect.java:27)
	at java.base/jdk.internal.reflect.NativeMethodAccessorImpl.invoke0(Native Method)
	at java.base/jdk.internal.reflect.NativeMethodAccessorImpl.invoke(NativeMethodAccessorImpl.java:77)
	at java.base/jdk.internal.reflect.DelegatingMethodAccessorImpl.invoke(DelegatingMethodAccessorImpl.java:43)
	at java.base/java.lang.reflect.Method.invoke(Method.java:568)
	at org.springframework.aop.aspectj.AbstractAspectJAdvice.invokeAdviceMethodWithGivenArgs(AbstractAspectJAdvice.java:642)
	at org.springframework.aop.aspectj.AbstractAspectJAdvice.invokeAdviceMethod(AbstractAspectJAdvice.java:632)
	at org.springframework.aop.aspectj.AspectJAroundAdvice.invoke(AspectJAroundAdvice.java:71)
	at org.springframework.aop.framework.ReflectiveMethodInvocation.proceed(ReflectiveMethodInvocation.java:173)
	at org.springframework.aop.interceptor.ExposeInvocationInterceptor.invoke(ExposeInvocationInterceptor.java:97)
	at org.springframework.aop.framework.ReflectiveMethodInvocation.proceed(ReflectiveMethodInvocation.java:184)
	at org.springframework.aop.framework.CglibAopProxy$DynamicAdvisedInterceptor.intercept(CglibAopProxy.java:728)
	at jco.jcosaprfclink.controller.TaxInvoiceStateController$$SpringCGLIB$$0.handleRequest(<generated>)
	at com.sap.conn.jco.rt.DefaultServerWorker$FunctionDispatcher.handleRequest(DefaultServerWorker.java:1041)
	at com.sap.conn.jco.rt.DefaultServerWorker$FunctionDispatcher.handleRequest(DefaultServerWorker.java:977)
	at com.sap.conn.jco.rt.DefaultServerWorker.dispatchRequest(DefaultServerWorker.java:148)
	at com.sap.conn.jco.rt.MiddlewareJavaRfc$JavaRfcServer.dispatchRequest(MiddlewareJavaRfc.java:3685)
	at com.sap.conn.jco.rt.MiddlewareJavaRfc$JavaRfcServer.listen(MiddlewareJavaRfc.java:2729)
	at com.sap.conn.jco.rt.DefaultServerWorker.dispatch(DefaultServerWorker.java:275)
	at com.sap.conn.jco.rt.DefaultServerWorker.loop(DefaultServerWorker.java:356)
	at com.sap.conn.jco.rt.DefaultServerWorker.run(DefaultServerWorker.java:232)
	at java.base/java.lang.Thread.run(Thread.java:833)
[ERROR] 11:12:22.943 j.j.config.saprfc.SAPDataMapper - « µÂ ∫Ø»Ø ø¿∑˘: MLDDT_BSET (type: 1)
com.sap.conn.jco.ConversionException: Cannot convert field MLDDT_BSET of type DATE to int
	at com.sap.conn.jco.rt.AbstractRecord.createConversionException(AbstractRecord.java:448)
	at com.sap.conn.jco.rt.AbstractRecord.createConversionException(AbstractRecord.java:443)
	at com.sap.conn.jco.rt.AbstractRecord.getInt(AbstractRecord.java:2055)
	at com.sap.conn.jco.rt.AbstractRecord.getInt(AbstractRecord.java:3038)
	at jco.jcosaprfclink.config.saprfc.DefaultJCoFieldConverter.convert(JCoFieldConverter.java:18)
	at jco.jcosaprfclink.config.saprfc.SAPDataMapper.setRFCExport(SAPDataMapper.java:67)
	at jco.jcosaprfclink.controller.TaxInvoiceStateController.handleRequest(TaxInvoiceStateController.java:27)
	at java.base/jdk.internal.reflect.NativeMethodAccessorImpl.invoke0(Native Method)
	at java.base/jdk.internal.reflect.NativeMethodAccessorImpl.invoke(NativeMethodAccessorImpl.java:77)
	at java.base/jdk.internal.reflect.DelegatingMethodAccessorImpl.invoke(DelegatingMethodAccessorImpl.java:43)
	at java.base/java.lang.reflect.Method.invoke(Method.java:568)
	at org.springframework.aop.support.AopUtils.invokeJoinpointUsingReflection(AopUtils.java:359)
	at org.springframework.aop.framework.ReflectiveMethodInvocation.invokeJoinpoint(ReflectiveMethodInvocation.java:196)
	at org.springframework.aop.framework.ReflectiveMethodInvocation.proceed(ReflectiveMethodInvocation.java:163)
	at org.springframework.aop.aspectj.MethodInvocationProceedingJoinPoint.proceed(MethodInvocationProceedingJoinPoint.java:89)
	at jco.jcosaprfclink.config.aop.TimeTraceAspect.traceTime(TimeTraceAspect.java:27)
	at java.base/jdk.internal.reflect.NativeMethodAccessorImpl.invoke0(Native Method)
	at java.base/jdk.internal.reflect.NativeMethodAccessorImpl.invoke(NativeMethodAccessorImpl.java:77)
	at java.base/jdk.internal.reflect.DelegatingMethodAccessorImpl.invoke(DelegatingMethodAccessorImpl.java:43)
	at java.base/java.lang.reflect.Method.invoke(Method.java:568)
	at org.springframework.aop.aspectj.AbstractAspectJAdvice.invokeAdviceMethodWithGivenArgs(AbstractAspectJAdvice.java:642)
	at org.springframework.aop.aspectj.AbstractAspectJAdvice.invokeAdviceMethod(AbstractAspectJAdvice.java:632)
	at org.springframework.aop.aspectj.AspectJAroundAdvice.invoke(AspectJAroundAdvice.java:71)
	at org.springframework.aop.framework.ReflectiveMethodInvocation.proceed(ReflectiveMethodInvocation.java:173)
	at org.springframework.aop.interceptor.ExposeInvocationInterceptor.invoke(ExposeInvocationInterceptor.java:97)
	at org.springframework.aop.framework.ReflectiveMethodInvocation.proceed(ReflectiveMethodInvocation.java:184)
	at org.springframework.aop.framework.CglibAopProxy$DynamicAdvisedInterceptor.intercept(CglibAopProxy.java:728)
	at jco.jcosaprfclink.controller.TaxInvoiceStateController$$SpringCGLIB$$0.handleRequest(<generated>)
	at com.sap.conn.jco.rt.DefaultServerWorker$FunctionDispatcher.handleRequest(DefaultServerWorker.java:1041)
	at com.sap.conn.jco.rt.DefaultServerWorker$FunctionDispatcher.handleRequest(DefaultServerWorker.java:977)
	at com.sap.conn.jco.rt.DefaultServerWorker.dispatchRequest(DefaultServerWorker.java:148)
	at com.sap.conn.jco.rt.MiddlewareJavaRfc$JavaRfcServer.dispatchRequest(MiddlewareJavaRfc.java:3685)
	at com.sap.conn.jco.rt.MiddlewareJavaRfc$JavaRfcServer.listen(MiddlewareJavaRfc.java:2729)
	at com.sap.conn.jco.rt.DefaultServerWorker.dispatch(DefaultServerWorker.java:275)
	at com.sap.conn.jco.rt.DefaultServerWorker.loop(DefaultServerWorker.java:356)
	at com.sap.conn.jco.rt.DefaultServerWorker.run(DefaultServerWorker.java:232)
	at java.base/java.lang.Thread.run(Thread.java:833)
